#
# A fatal error has been detected by the Java Runtime Environment:
#
#  SIGSEGV (0xb) at pc=0x00007f03cc1a2381, pid=12893, tid=12918
#
# JRE version: OpenJDK Runtime Environment (11.0.15+10) (build 11.0.15+10-Ubuntu-0ubuntu0.18.04.1)
# Java VM: OpenJDK 64-Bit Server VM (11.0.15+10-Ubuntu-0ubuntu0.18.04.1, mixed mode, sharing, tiered, compressed oops, g1 gc, linux-amd64)
# Problematic frame:
# C  [libjimage.so+0x2381]
#
# Core dump will be written. Default location: Core dumps may be processed with "/lib/systemd/systemd-coredump %P %u %g %s %t 9223372036854775808 %e" (or dumping to /home/davidesgroi/Scrivania/Pharma/core.12893)
#
# If you would like to submit a bug report, please visit:
#   Unknown
#

---------------  S U M M A R Y ------------

Command Line: -agentlib:jdwp=transport=dt_socket,server=n,suspend=y,address=localhost:44761 Login.Login

Host: Intel(R) Core(TM) i3-2370M CPU @ 2.40GHz, 4 cores, 3G, Linux Mint 19.3 Tricia
Time: Tue Jun 14 21:20:48 2022 CEST elapsed time: 462.314056 seconds (0d 0h 7m 42s)

---------------  T H R E A D  ---------------

Current thread (0x00007f03c80c7000):  JavaThread "Signal Dispatcher" daemon [_thread_in_vm, id=12918, stack(0x00007f039da1d000,0x00007f039db1e000)]

Stack: [0x00007f039da1d000,0x00007f039db1e000],  sp=0x00007f039db1b220,  free space=1016k
Native frames: (J=compiled Java code, A=aot compiled Java code, j=interpreted, Vv=VM code, C=native code)
C  [libjimage.so+0x2381]
C  [libjimage.so+0x2efa]
C  [libjimage.so+0x33c5]  JIMAGE_FindResource+0xd5
V  [libjvm.so+0x5a0daf]